<?xml version="1.0" encoding="UTF-8"?>
<testsuite name="io.pivotal.EurekaServerApplicationTests" tests="1" skipped="0" failures="0" errors="0" timestamp="2015-08-13T09:57:55" hostname="IRMODRISCOLL.local" time="0.001">
  <properties/>
  <testcase name="contextLoads" classname="io.pivotal.EurekaServerApplicationTests" time="0.001"/>
  <system-out><![CDATA[10:57:52.612 [Test worker] DEBUG o.s.t.c.j.SpringJUnit4ClassRunner - SpringJUnit4ClassRunner constructor called with [class io.pivotal.EurekaServerApplicationTests].
10:57:52.630 [Test worker] DEBUG o.s.test.context.BootstrapUtils - Instantiating TestContextBootstrapper from class [org.springframework.test.context.support.DefaultTestContextBootstrapper]
10:57:52.642 [Test worker] DEBUG o.s.t.c.s.DefaultTestContextBootstrapper - Found explicit ContextLoader class [org.springframework.boot.test.SpringApplicationContextLoader] for context configuration attributes [ContextConfigurationAttributes@39f63874 declaringClass = 'io.pivotal.EurekaServerApplicationTests', classes = '{class io.pivotal.EurekaServerApplication}', locations = '{}', inheritLocations = true, initializers = '{}', inheritInitializers = true, name = [null], contextLoaderClass = 'org.springframework.boot.test.SpringApplicationContextLoader']
10:57:52.647 [Test worker] DEBUG o.s.t.c.support.ActiveProfilesUtils - Could not find an 'annotation declaring class' for annotation type [org.springframework.test.context.ActiveProfiles] and class [io.pivotal.EurekaServerApplicationTests]
10:57:52.651 [Test worker] DEBUG o.s.t.c.s.DefaultTestContextBootstrapper - @TestExecutionListeners is not present for class [io.pivotal.EurekaServerApplicationTests]: using defaults.
10:57:52.660 [Test worker] INFO  o.s.t.c.s.DefaultTestContextBootstrapper - Loaded default TestExecutionListener class names from location [META-INF/spring.factories]: [org.springframework.test.context.web.ServletTestExecutionListener, org.springframework.test.context.support.DependencyInjectionTestExecutionListener, org.springframework.test.context.support.DirtiesContextTestExecutionListener, org.springframework.test.context.transaction.TransactionalTestExecutionListener, org.springframework.test.context.jdbc.SqlScriptsTestExecutionListener]
10:57:52.665 [Test worker] INFO  o.s.t.c.s.DefaultTestContextBootstrapper - Could not instantiate TestExecutionListener [org.springframework.test.context.jdbc.SqlScriptsTestExecutionListener]. Specify custom listener classes or make the default listener classes (and their required dependencies) available. Offending class: [org/springframework/transaction/interceptor/TransactionAttribute]
10:57:52.666 [Test worker] INFO  o.s.t.c.s.DefaultTestContextBootstrapper - Could not instantiate TestExecutionListener [org.springframework.test.context.transaction.TransactionalTestExecutionListener]. Specify custom listener classes or make the default listener classes (and their required dependencies) available. Offending class: [org/springframework/transaction/interceptor/TransactionAttributeSource]
10:57:52.669 [Test worker] INFO  o.s.t.c.s.DefaultTestContextBootstrapper - Using TestExecutionListeners: [org.springframework.test.context.web.ServletTestExecutionListener@381dd1e2, org.springframework.test.context.support.DependencyInjectionTestExecutionListener@483ecb34, org.springframework.test.context.support.DirtiesContextTestExecutionListener@1d5162]
10:57:52.670 [Test worker] DEBUG o.s.t.annotation.ProfileValueUtils - Retrieved @ProfileValueSourceConfiguration [null] for test class [io.pivotal.EurekaServerApplicationTests]
10:57:52.671 [Test worker] DEBUG o.s.t.annotation.ProfileValueUtils - Retrieved ProfileValueSource type [class org.springframework.test.annotation.SystemProfileValueSource] for class [io.pivotal.EurekaServerApplicationTests]
10:57:52.673 [Test worker] DEBUG o.s.t.annotation.ProfileValueUtils - Retrieved @ProfileValueSourceConfiguration [null] for test class [io.pivotal.EurekaServerApplicationTests]
10:57:52.673 [Test worker] DEBUG o.s.t.annotation.ProfileValueUtils - Retrieved ProfileValueSource type [class org.springframework.test.annotation.SystemProfileValueSource] for class [io.pivotal.EurekaServerApplicationTests]
10:57:52.674 [Test worker] DEBUG o.s.t.annotation.ProfileValueUtils - Retrieved @ProfileValueSourceConfiguration [null] for test class [io.pivotal.EurekaServerApplicationTests]
10:57:52.674 [Test worker] DEBUG o.s.t.annotation.ProfileValueUtils - Retrieved ProfileValueSource type [class org.springframework.test.annotation.SystemProfileValueSource] for class [io.pivotal.EurekaServerApplicationTests]
10:57:52.676 [Test worker] DEBUG o.s.t.annotation.ProfileValueUtils - Retrieved @ProfileValueSourceConfiguration [null] for test class [io.pivotal.EurekaServerApplicationTests]
10:57:52.676 [Test worker] DEBUG o.s.t.annotation.ProfileValueUtils - Retrieved ProfileValueSource type [class org.springframework.test.annotation.SystemProfileValueSource] for class [io.pivotal.EurekaServerApplicationTests]
10:57:52.678 [Test worker] DEBUG o.s.t.c.s.DependencyInjectionTestExecutionListener - Performing dependency injection for test context [[DefaultTestContext@305a6fc1 testClass = EurekaServerApplicationTests, testInstance = io.pivotal.EurekaServerApplicationTests@60e67787, testMethod = [null], testException = [null], mergedContextConfiguration = [MergedContextConfiguration@13d51604 testClass = EurekaServerApplicationTests, locations = '{}', classes = '{class io.pivotal.EurekaServerApplication}', contextInitializerClasses = '[]', activeProfiles = '{}', propertySourceLocations = '{}', propertySourceProperties = '{}', contextLoader = 'org.springframework.boot.test.SpringApplicationContextLoader', parent = [null]]]].
10:57:52.746 [Test worker] DEBUG o.s.core.env.StandardEnvironment - Adding [systemProperties] PropertySource with lowest search precedence
10:57:52.748 [Test worker] DEBUG o.s.core.env.StandardEnvironment - Adding [systemEnvironment] PropertySource with lowest search precedence
10:57:52.748 [Test worker] DEBUG o.s.core.env.StandardEnvironment - Initialized StandardEnvironment with PropertySources [systemProperties,systemEnvironment]
10:57:52.749 [Test worker] DEBUG o.s.core.env.StandardEnvironment - Adding [integrationTest] PropertySource with search precedence immediately lower than [systemEnvironment]
2015-08-13 10:57:52.954  INFO 971 --- [    Test worker] o.s.boot.SpringApplication               : Starting application on IRMODRISCOLL.local with PID 971 (/Users/mdriscoll/.gradle/caches/modules-2/files-2.1/org.springframework.boot/spring-boot/1.2.4.RELEASE/231f740ec1e7b2b89cb9accef516cb02eb2db44d/spring-boot-1.2.4.RELEASE.jar started by mdriscoll in /Users/mdriscoll/STS/EurekaServer)
2015-08-13 10:57:52.992  INFO 971 --- [    Test worker] s.c.a.AnnotationConfigApplicationContext : Refreshing org.springframework.context.annotation.AnnotationConfigApplicationContext@327630fa: startup date [Thu Aug 13 10:57:52 BST 2015]; root of context hierarchy
2015-08-13 10:57:53.125  INFO 971 --- [    Test worker] f.a.AutowiredAnnotationBeanPostProcessor : JSR-330 'javax.inject.Inject' annotation found and supported for autowiring
2015-08-13 10:57:53.286  INFO 971 --- [    Test worker] trationDelegate$BeanPostProcessorChecker : Bean 'encrypt.CONFIGURATION_PROPERTIES' of type [class org.springframework.cloud.bootstrap.encrypt.KeyProperties] is not eligible for getting processed by all BeanPostProcessors (for example: not eligible for auto-proxying)
2015-08-13 10:57:53.287  INFO 971 --- [    Test worker] trationDelegate$BeanPostProcessorChecker : Bean 'encryptionBootstrapConfiguration' of type [class org.springframework.cloud.bootstrap.encrypt.EncryptionBootstrapConfiguration$$EnhancerBySpringCGLIB$$b981ab4b] is not eligible for getting processed by all BeanPostProcessors (for example: not eligible for auto-proxying)
2015-08-13 10:57:53.332  INFO 971 --- [    Test worker] o.s.boot.SpringApplication               : Started application in 0.539 seconds (JVM running for 1.64)

  .   ____          _            __ _ _
 /\\ / ___'_ __ _ _(_)_ __  __ _ \ \ \ \
( ( )\___ | '_ | '_| | '_ \/ _` | \ \ \ \
 \\/  ___)| |_)| | | | | || (_| |  ) ) ) )
  '  |____| .__|_| |_|_| |_\__, | / / / /
 =========|_|==============|___/=/_/_/_/
 :: Spring Boot ::        (v1.2.4.RELEASE)

2015-08-13 10:57:53.415  INFO 971 --- [    Test worker] s.c.a.AnnotationConfigApplicationContext : Refreshing org.springframework.context.annotation.AnnotationConfigApplicationContext@267dbe96: startup date [Thu Aug 13 10:57:53 BST 2015]; parent: org.springframework.context.annotation.AnnotationConfigApplicationContext@327630fa
2015-08-13 10:57:54.012  INFO 971 --- [    Test worker] o.s.b.f.s.DefaultListableBeanFactory     : Overriding bean definition for bean 'infoEndpoint': replacing [Root bean: class [null]; scope=; abstract=false; lazyInit=false; autowireMode=3; dependencyCheck=0; autowireCandidate=true; primary=false; factoryBeanName=org.springframework.boot.actuate.autoconfigure.EndpointAutoConfiguration; factoryMethodName=infoEndpoint; initMethodName=null; destroyMethodName=(inferred); defined in class path resource [org/springframework/boot/actuate/autoconfigure/EndpointAutoConfiguration.class]] with [Root bean: class [null]; scope=; abstract=false; lazyInit=false; autowireMode=3; dependencyCheck=0; autowireCandidate=true; primary=false; factoryBeanName=org.springframework.cloud.autoconfigure.RefreshAutoConfiguration$InfoEndpointRebinderConfiguration; factoryMethodName=infoEndpoint; initMethodName=null; destroyMethodName=(inferred); defined in class path resource [org/springframework/cloud/autoconfigure/RefreshAutoConfiguration$InfoEndpointRebinderConfiguration.class]]
2015-08-13 10:57:54.112  INFO 971 --- [    Test worker] o.s.cloud.context.scope.GenericScope     : BeanFactory id=91f3be91-6220-3fa2-ac49-681e1b2fee94
2015-08-13 10:57:54.114  INFO 971 --- [    Test worker] f.a.AutowiredAnnotationBeanPostProcessor : JSR-330 'javax.inject.Inject' annotation found and supported for autowiring
2015-08-13 10:57:54.124  INFO 971 --- [    Test worker] trationDelegate$BeanPostProcessorChecker : Bean 'org.springframework.cloud.autoconfigure.RefreshAutoConfiguration$ConfigurationPropertiesRebinderConfiguration' of type [class org.springframework.cloud.autoconfigure.RefreshAutoConfiguration$ConfigurationPropertiesRebinderConfiguration$$EnhancerBySpringCGLIB$$e9b86e28] is not eligible for getting processed by all BeanPostProcessors (for example: not eligible for auto-proxying)
2015-08-13 10:57:54.228  WARN 971 --- [    Test worker] c.n.c.sources.URLConfigurationSource     : No URLs will be polled as dynamic configuration sources.
2015-08-13 10:57:54.228  INFO 971 --- [    Test worker] c.n.c.sources.URLConfigurationSource     : To enable URLs as dynamic configuration sources, define System property archaius.configurationSource.additionalUrls or make config.properties available on classpath.
2015-08-13 10:57:54.237  INFO 971 --- [    Test worker] c.netflix.config.DynamicPropertyFactory  : DynamicPropertyFactory is initialized with configuration sources: com.netflix.config.ConcurrentCompositeConfiguration@406c3504
2015-08-13 10:57:55.348  INFO 971 --- [    Test worker] o.s.ui.freemarker.SpringTemplateLoader   : SpringTemplateLoader for FreeMarker: using resource loader [org.springframework.context.annotation.AnnotationConfigApplicationContext@267dbe96: startup date [Thu Aug 13 10:57:53 BST 2015]; parent: org.springframework.context.annotation.AnnotationConfigApplicationContext@327630fa] and template loader path [classpath:/templates/]
2015-08-13 10:57:55.472  WARN 971 --- [    Test worker] c.n.c.sources.URLConfigurationSource     : No URLs will be polled as dynamic configuration sources.
2015-08-13 10:57:55.472  INFO 971 --- [    Test worker] c.n.c.sources.URLConfigurationSource     : To enable URLs as dynamic configuration sources, define System property archaius.configurationSource.additionalUrls or make config.properties available on classpath.
2015-08-13 10:57:55.486  INFO 971 --- [    Test worker] o.s.c.support.DefaultLifecycleProcessor  : Starting beans in phase 0
2015-08-13 10:57:55.489  INFO 971 --- [    Test worker] .p.EurekaConfigBasedInstanceInfoProvider : Setting initial instance status as: STARTING
2015-08-13 10:57:55.779  INFO 971 --- [    Test worker] com.netflix.discovery.DiscoveryClient    : Not registering with Eureka server per configuration
2015-08-13 10:57:55.791 ERROR 971 --- [       Thread-5] e.s.EurekaServerInitializerConfiguration : Could not initialize Eureka servlet context

java.lang.IllegalArgumentException: null source
	at java.util.EventObject.<init>(EventObject.java:56)
	at javax.servlet.ServletContextEvent.<init>(ServletContextEvent.java:37)
	at org.springframework.cloud.netflix.eureka.server.EurekaServerInitializerConfiguration$2.run(EurekaServerInitializerConfiguration.java:176)
	at java.lang.Thread.run(Thread.java:745)

2015-08-13 10:57:55.791  INFO 971 --- [    Test worker] io.pivotal.EurekaServerApplicationTests  : Started EurekaServerApplicationTests in 3.04 seconds (JVM running for 4.099)
]]></system-out>
  <system-err><![CDATA[]]></system-err>
</testsuite>
